2026-03-04 20:54:06,830 [INFO] ============================================================
2026-03-04 20:54:06,830 [INFO]   DAILY PIPELINE – High Velocity Data
2026-03-04 20:54:06,830 [INFO] ============================================================
2026-03-04 20:54:06,830 [INFO] ▶ Starting: Global Harvester (global_harvester.py)
2026-03-04 20:54:20,054 [INFO] ✓ Completed: Global Harvester in 13.2s
2026-03-04 20:54:20,054 [INFO] ▶ Starting: News Harvester (news_harvester.py)
2026-03-04 20:54:32,774 [INFO] ✓ Completed: News Harvester in 12.7s
2026-03-04 20:54:32,774 [INFO] ▶ Starting: Wat2Do Scraper (scrape_wat2do.py)
2026-03-04 20:54:34,109 [INFO] ✓ Completed: Wat2Do Scraper in 1.3s
2026-03-04 20:54:34,109 [INFO] ▶ Starting: Data Cleaner (clean_data.py)
2026-03-04 20:54:43,602 [INFO] ✓ Completed: Data Cleaner in 9.5s
2026-03-04 20:54:43,602 [INFO] ▶ Starting: Vectorizer (vectorize_live_data.py)
2026-03-04 20:54:48,509 [INFO] ✓ Completed: Vectorizer in 4.9s
2026-03-04 20:54:48,509 [INFO] ============================================================
2026-03-04 20:54:48,509 [INFO]   DAILY PIPELINE COMPLETE: 5/5 succeeded, 0 failed.
2026-03-04 20:54:48,509 [INFO] ============================================================
2026-03-04 21:07:16,674 [INFO] ============================================================
2026-03-04 21:07:16,674 [INFO]   DAILY PIPELINE – High Velocity Data
2026-03-04 21:07:16,674 [INFO] ============================================================
2026-03-04 21:07:16,674 [INFO] ▶ Starting: News Harvester (news_harvester.py)
2026-03-04 21:07:28,899 [INFO] ✓ Completed: News Harvester in 12.2s
2026-03-04 21:07:28,899 [INFO] ▶ Starting: Wat2Do Scraper (scrape_wat2do.py)
2026-03-04 21:07:29,879 [INFO] ✓ Completed: Wat2Do Scraper in 1.0s
2026-03-04 21:07:29,879 [INFO] ▶ Starting: Data Cleaner (clean_data.py)
2026-03-04 21:07:39,700 [INFO] ✓ Completed: Data Cleaner in 9.8s
2026-03-04 21:07:39,700 [INFO] ▶ Starting: Vectorizer (vectorize_live_data.py)
2026-03-04 21:07:47,127 [INFO] ✓ Completed: Vectorizer in 7.4s
2026-03-04 21:07:47,127 [INFO] ============================================================
2026-03-04 21:07:47,127 [INFO]   DAILY PIPELINE COMPLETE: 4/4 succeeded, 0 failed.
2026-03-04 21:07:47,127 [INFO] ============================================================
2026-03-05 23:16:35,387 [INFO] ============================================================
2026-03-05 23:16:35,388 [INFO]   DAILY PIPELINE – High Velocity Data
2026-03-05 23:16:35,388 [INFO] ============================================================
2026-03-05 23:16:35,388 [INFO] ▶ Starting: News Harvester (news_harvester.py)
2026-03-05 23:16:47,590 [INFO] ✓ Completed: News Harvester in 12.2s
2026-03-05 23:16:47,590 [INFO] ▶ Starting: Wat2Do Scraper (scrape_wat2do.py)
2026-03-05 23:16:48,367 [INFO] ✓ Completed: Wat2Do Scraper in 0.8s
2026-03-05 23:16:48,367 [INFO] ▶ Starting: Data Cleaner (clean_data.py)
2026-03-05 23:16:53,946 [INFO] ✓ Completed: Data Cleaner in 5.6s
2026-03-05 23:16:53,946 [INFO] ▶ Starting: Vectorizer (vectorize_live_data.py)
2026-03-05 23:16:59,661 [INFO] ✓ Completed: Vectorizer in 5.7s
2026-03-05 23:16:59,661 [INFO] ============================================================
2026-03-05 23:16:59,661 [INFO]   DAILY PIPELINE COMPLETE: 4/4 succeeded, 0 failed.
2026-03-05 23:16:59,661 [INFO] ============================================================
2026-03-05 23:19:14,317 [INFO] ============================================================
2026-03-05 23:19:14,317 [INFO]   DAILY PIPELINE – High Velocity Data
2026-03-05 23:19:14,317 [INFO] ============================================================
2026-03-05 23:19:14,317 [INFO] ▶ Starting: News Harvester (news_harvester.py)
2026-03-05 23:19:25,769 [INFO] ✓ Completed: News Harvester in 11.5s
2026-03-05 23:19:25,769 [INFO] ▶ Starting: Wat2Do Scraper (scrape_wat2do.py)
2026-03-05 23:19:26,422 [INFO] ✓ Completed: Wat2Do Scraper in 0.7s
2026-03-05 23:19:26,422 [INFO] ▶ Starting: Agentic Spider (agentic_spider.py)
2026-03-05 23:25:26,554 [INFO] ✓ Completed: Agentic Spider in 360.1s
2026-03-05 23:25:26,555 [INFO] ▶ Starting: Data Cleaner (clean_data.py)
2026-03-05 23:25:35,512 [INFO] ✓ Completed: Data Cleaner in 9.0s
2026-03-05 23:25:35,513 [INFO] ▶ Starting: Vectorizer (vectorize_live_data.py)
2026-03-05 23:25:41,668 [INFO] ✓ Completed: Vectorizer in 6.2s
2026-03-05 23:25:41,668 [INFO] ============================================================
2026-03-05 23:25:41,668 [INFO]   DAILY PIPELINE COMPLETE: 5/5 succeeded, 0 failed.
2026-03-05 23:25:41,668 [INFO] ============================================================
